<?xml version="1.0" ?>
<!DOCTYPE coverage SYSTEM "http://cobertura.sourceforge.net/xml/coverage-04.dtd">
<coverage lines-valid="523"  lines-covered="515"  line-rate="0.9847"  branches-valid="270"  branches-covered="250"  branch-rate="0.9259000000000001"  timestamp="1403016288986" complexity="0" version="0.1">
<sources>
	<source>/Users/joaovieira/Documents/EVRYTHNG/evrythng-js-sdk</source>
</sources>
<packages>
	<package name="src"  line-rate="0.9838"  branch-rate="0.9351999999999999" >
	<classes>
		<class name="ajax.js"  filename="src/ajax.js"  line-rate="0.9"  branch-rate="0.9" >
		<methods>
			<method name="(anonymous_1)"  hits="1"  signature="()V" >
				<lines><line number="13"  hits="1" /></lines>
			</method>
			<method name="ajax"  hits="239"  signature="()V" >
				<lines><line number="34"  hits="239" /></lines>
			</method>
		</methods>
		<lines>
			<line number="7"  hits="1"  branch="false" />
			<line number="34"  hits="1"  branch="false" />
			<line number="37"  hits="239"  branch="false" />
			<line number="42"  hits="239"  branch="false" />
			<line number="46"  hits="239"  branch="false" />
			<line number="48"  hits="239"  branch="true"  condition-coverage="100% (2/2)" />
			<line number="49"  hits="8"  branch="false" />
			<line number="50"  hits="231"  branch="true"  condition-coverage="100% (2/2)" />
			<line number="51"  hits="3"  branch="false" />
			<line number="54"  hits="239"  branch="true"  condition-coverage="100% (2/2)" />
			<line number="55"  hits="5"  branch="false" />
			<line number="56"  hits="234"  branch="true"  condition-coverage="100% (2/2)" />
			<line number="57"  hits="2"  branch="false" />
			<line number="63"  hits="239"  branch="false" />
			<line number="65"  hits="239"  branch="false" />
			<line number="70"  hits="1"  branch="true"  condition-coverage="50% (1/2)" />
			<line number="72"  hits="0"  branch="false" />
			<line number="73"  hits="0"  branch="false" />
			<line number="78"  hits="1"  branch="false" />
			<line number="80"  hits="1"  branch="false" />
		</lines>
		</class>
		<class name="authentication.js"  filename="src/authentication.js"  line-rate="1"  branch-rate="0.8684000000000001" >
		<methods>
			<method name="(anonymous_1)"  hits="1"  signature="()V" >
				<lines><line number="16"  hits="1" /></lines>
			</method>
			<method name="login"  hits="12"  signature="()V" >
				<lines><line number="45"  hits="12" /></lines>
			</method>
			<method name="_loginFacebook"  hits="5"  signature="()V" >
				<lines><line number="81"  hits="5" /></lines>
			</method>
			<method name="(anonymous_4)"  hits="5"  signature="()V" >
				<lines><line number="100"  hits="5" /></lines>
			</method>
			<method name="(anonymous_5)"  hits="2"  signature="()V" >
				<lines><line number="103"  hits="2" /></lines>
			</method>
			<method name="(anonymous_6)"  hits="2"  signature="()V" >
				<lines><line number="109"  hits="2" /></lines>
			</method>
			<method name="(anonymous_7)"  hits="1"  signature="()V" >
				<lines><line number="116"  hits="1" /></lines>
			</method>
			<method name="_loginEvrythng"  hits="6"  signature="()V" >
				<lines><line number="130"  hits="6" /></lines>
			</method>
			<method name="(anonymous_9)"  hits="2"  signature="()V" >
				<lines><line number="139"  hits="2" /></lines>
			</method>
			<method name="(anonymous_10)"  hits="1"  signature="()V" >
				<lines><line number="146"  hits="1" /></lines>
			</method>
			<method name="authFacebook"  hits="3"  signature="()V" >
				<lines><line number="158"  hits="3" /></lines>
			</method>
			<method name="(anonymous_12)"  hits="3"  signature="()V" >
				<lines><line number="170"  hits="3" /></lines>
			</method>
			<method name="_authEvrythng"  hits="5"  signature="()V" >
				<lines><line number="190"  hits="5" /></lines>
			</method>
			<method name="(anonymous_14)"  hits="2"  signature="()V" >
				<lines><line number="198"  hits="2" /></lines>
			</method>
			<method name="(anonymous_15)"  hits="2"  signature="()V" >
				<lines><line number="204"  hits="2" /></lines>
			</method>
			<method name="logout"  hits="7"  signature="()V" >
				<lines><line number="233"  hits="7" /></lines>
			</method>
			<method name="_logoutFacebook"  hits="3"  signature="()V" >
				<lines><line number="252"  hits="3" /></lines>
			</method>
			<method name="(anonymous_18)"  hits="3"  signature="()V" >
				<lines><line number="255"  hits="3" /></lines>
			</method>
			<method name="_logoutEvrythng"  hits="7"  signature="()V" >
				<lines><line number="264"  hits="7" /></lines>
			</method>
			<method name="(anonymous_20)"  hits="3"  signature="()V" >
				<lines><line number="271"  hits="3" /></lines>
			</method>
			<method name="(anonymous_21)"  hits="2"  signature="()V" >
				<lines><line number="276"  hits="2" /></lines>
			</method>
		</methods>
		<lines>
			<line number="10"  hits="1"  branch="false" />
			<line number="45"  hits="1"  branch="false" />
			<line number="46"  hits="12"  branch="false" />
			<line number="49"  hits="12"  branch="true"  condition-coverage="100% (2/2)" />
			<line number="50"  hits="1"  branch="false" />
			<line number="54"  hits="11"  branch="true"  condition-coverage="100% (2/2)" />
			<line number="56"  hits="7"  branch="true"  condition-coverage="100% (2/2)" />
			<line number="57"  hits="5"  branch="false" />
			<line number="59"  hits="2"  branch="true"  condition-coverage="50% (1/2)" />
			<line number="60"  hits="2"  branch="false" />
			<line number="69"  hits="4"  branch="false" />
			<line number="81"  hits="1"  branch="false" />
			<line number="82"  hits="5"  branch="false" />
			<line number="86"  hits="5"  branch="true"  condition-coverage="100% (4/4)" />
			<line number="88"  hits="2"  branch="false" />
			<line number="89"  hits="2"  branch="false" />
			<line number="90"  hits="2"  branch="false" />
			<line number="92"  hits="3"  branch="true"  condition-coverage="100% (2/2)" />
			<line number="95"  hits="1"  branch="false" />
			<line number="100"  hits="5"  branch="false" />
			<line number="103"  hits="5"  branch="false" />
			<line number="109"  hits="2"  branch="false" />
			<line number="111"  hits="2"  branch="true"  condition-coverage="100% (2/2)" />
			<line number="112"  hits="2"  branch="false" />
			<line number="120"  hits="1"  branch="true"  condition-coverage="50% (1/2)" />
			<line number="121"  hits="1"  branch="false" />
			<line number="130"  hits="1"  branch="false" />
			<line number="132"  hits="6"  branch="true"  condition-coverage="100% (4/4)" />
			<line number="133"  hits="1"  branch="false" />
			<line number="139"  hits="5"  branch="false" />
			<line number="143"  hits="2"  branch="true"  condition-coverage="100% (2/2)" />
			<line number="144"  hits="2"  branch="false" />
			<line number="149"  hits="1"  branch="true"  condition-coverage="50% (1/2)" />
			<line number="150"  hits="1"  branch="false" />
			<line number="158"  hits="1"  branch="false" />
			<line number="159"  hits="3"  branch="false" />
			<line number="161"  hits="3"  branch="false" />
			<line number="174"  hits="3"  branch="false" />
			<line number="181"  hits="3"  branch="false" />
			<line number="182"  hits="3"  branch="false" />
			<line number="184"  hits="3"  branch="false" />
			<line number="190"  hits="1"  branch="false" />
			<line number="191"  hits="5"  branch="false" />
			<line number="193"  hits="5"  branch="false" />
			<line number="201"  hits="2"  branch="false" />
			<line number="208"  hits="2"  branch="false" />
			<line number="214"  hits="2"  branch="false" />
			<line number="216"  hits="2"  branch="false" />
			<line number="233"  hits="1"  branch="false" />
			<line number="235"  hits="7"  branch="true"  condition-coverage="100% (4/4)" />
			<line number="237"  hits="4"  branch="true"  condition-coverage="100% (2/2)" />
			<line number="238"  hits="3"  branch="false" />
			<line number="240"  hits="1"  branch="true"  condition-coverage="50% (1/2)" />
			<line number="241"  hits="1"  branch="false" />
			<line number="245"  hits="3"  branch="false" />
			<line number="252"  hits="1"  branch="false" />
			<line number="253"  hits="3"  branch="false" />
			<line number="255"  hits="3"  branch="false" />
			<line number="258"  hits="3"  branch="false" />
			<line number="264"  hits="1"  branch="false" />
			<line number="266"  hits="7"  branch="false" />
			<line number="273"  hits="3"  branch="true"  condition-coverage="100% (2/2)" />
			<line number="274"  hits="3"  branch="false" />
			<line number="280"  hits="2"  branch="true"  condition-coverage="50% (1/2)" />
			<line number="281"  hits="2"  branch="false" />
			<line number="287"  hits="1"  branch="false" />
		</lines>
		</class>
		<class name="core.js"  filename="src/core.js"  line-rate="1"  branch-rate="1" >
		<methods>
			<method name="(anonymous_1)"  hits="1"  signature="()V" >
				<lines><line number="9"  hits="1" /></lines>
			</method>
			<method name="(anonymous_2)"  hits="69"  signature="()V" >
				<lines><line number="57"  hits="69" /></lines>
			</method>
		</methods>
		<lines>
			<line number="7"  hits="1"  branch="false" />
			<line number="13"  hits="1"  branch="false" />
			<line number="37"  hits="1"  branch="false" />
			<line number="49"  hits="1"  branch="false" />
			<line number="59"  hits="69"  branch="true"  condition-coverage="100% (2/2)" />
			<line number="60"  hits="68"  branch="false" />
			<line number="62"  hits="1"  branch="false" />
			<line number="65"  hits="68"  branch="false" />
			<line number="69"  hits="1"  branch="false" />
		</lines>
		</class>
		<class name="logger.js"  filename="src/logger.js"  line-rate="1"  branch-rate="1" >
		<methods>
			<method name="(anonymous_1)"  hits="1"  signature="()V" >
				<lines><line number="6"  hits="1" /></lines>
			</method>
			<method name="(anonymous_2)"  hits="16"  signature="()V" >
				<lines><line number="13"  hits="16" /></lines>
			</method>
			<method name="(anonymous_3)"  hits="38"  signature="()V" >
				<lines><line number="17"  hits="38" /></lines>
			</method>
		</methods>
		<lines>
			<line number="6"  hits="1"  branch="false" />
			<line number="9"  hits="1"  branch="false" />
			<line number="11"  hits="1"  branch="false" />
			<line number="14"  hits="16"  branch="false" />
			<line number="18"  hits="38"  branch="false" />
		</lines>
		</class>
		<class name="resource.js"  filename="src/resource.js"  line-rate="0.9833"  branch-rate="0.9762000000000001" >
		<methods>
			<method name="(anonymous_1)"  hits="1"  signature="()V" >
				<lines><line number="21"  hits="1" /></lines>
			</method>
			<method name="(anonymous_2)"  hits="115"  signature="()V" >
				<lines><line number="33"  hits="115" /></lines>
			</method>
			<method name="_request"  hits="63"  signature="()V" >
				<lines><line number="74"  hits="63" /></lines>
			</method>
			<method name="_handleResponse"  hits="63"  signature="()V" >
				<lines><line number="104"  hits="63" /></lines>
			</method>
			<method name="(anonymous_5)"  hits="41"  signature="()V" >
				<lines><line number="119"  hits="41" /></lines>
			</method>
			<method name="(anonymous_6)"  hits="45"  signature="()V" >
				<lines><line number="144"  hits="45" /></lines>
			</method>
			<method name="(anonymous_7)"  hits="29"  signature="()V" >
				<lines><line number="173"  hits="29" /></lines>
			</method>
			<method name="(anonymous_8)"  hits="16"  signature="()V" >
				<lines><line number="195"  hits="16" /></lines>
			</method>
			<method name="(anonymous_9)"  hits="30"  signature="()V" >
				<lines><line number="222"  hits="30" /></lines>
			</method>
			<method name="(anonymous_10)"  hits="16"  signature="()V" >
				<lines><line number="240"  hits="16" /></lines>
			</method>
			<method name="(anonymous_11)"  hits="4"  signature="()V" >
				<lines><line number="264"  hits="4" /></lines>
			</method>
		</methods>
		<lines>
			<line number="15"  hits="1"  branch="false" />
			<line number="33"  hits="1"  branch="false" />
			<line number="36"  hits="115"  branch="true"  condition-coverage="100% (4/4)" />
			<line number="37"  hits="113"  branch="false" />
			<line number="39"  hits="2"  branch="false" />
			<line number="43"  hits="113"  branch="true"  condition-coverage="100% (2/2)" />
			<line number="45"  hits="112"  branch="true"  condition-coverage="100% (2/2)" />
			<line number="46"  hits="112"  branch="false" />
			<line number="49"  hits="1"  branch="false" />
			<line number="55"  hits="112"  branch="true"  condition-coverage="100% (2/2)" />
			<line number="57"  hits="74"  branch="true"  condition-coverage="100% (2/2)" />
			<line number="58"  hits="73"  branch="false" />
			<line number="60"  hits="1"  branch="false" />
			<line number="64"  hits="38"  branch="false" />
			<line number="74"  hits="1"  branch="false" />
			<line number="75"  hits="63"  branch="false" />
			<line number="81"  hits="63"  branch="true"  condition-coverage="100% (4/4)" />
			<line number="83"  hits="5"  branch="false" />
			<line number="84"  hits="5"  branch="false" />
			<line number="86"  hits="58"  branch="true"  condition-coverage="100% (2/2)" />
			<line number="91"  hits="9"  branch="false" />
			<line number="97"  hits="63"  branch="false" />
			<line number="99"  hits="63"  branch="false" />
			<line number="104"  hits="1"  branch="false" />
			<line number="105"  hits="63"  branch="true"  condition-coverage="100% (4/4)" />
			<line number="108"  hits="63"  branch="true"  condition-coverage="100% (2/2)" />
			<line number="110"  hits="61"  branch="false" />
			<line number="119"  hits="61"  branch="false" />
			<line number="120"  hits="41"  branch="false" />
			<line number="124"  hits="2"  branch="false" />
			<line number="144"  hits="1"  branch="false" />
			<line number="146"  hits="45"  branch="true"  condition-coverage="100% (4/4)" />
			<line number="148"  hits="34"  branch="true"  condition-coverage="100% (2/2)" />
			<line number="151"  hits="9"  branch="false" />
			<line number="152"  hits="9"  branch="false" />
			<line number="153"  hits="18"  branch="false" />
			<line number="155"  hits="9"  branch="false" />
			<line number="158"  hits="25"  branch="false" />
			<line number="162"  hits="11"  branch="false" />
			<line number="173"  hits="1"  branch="false" />
			<line number="175"  hits="29"  branch="true"  condition-coverage="100% (4/4)" />
			<line number="176"  hits="2"  branch="false" />
			<line number="178"  hits="27"  branch="false" />
			<line number="195"  hits="1"  branch="false" />
			<line number="197"  hits="16"  branch="true"  condition-coverage="100% (4/4)" />
			<line number="198"  hits="3"  branch="false" />
			<line number="201"  hits="13"  branch="false" />
			<line number="208"  hits="13"  branch="false" />
			<line number="222"  hits="1"  branch="false" />
			<line number="224"  hits="30"  branch="false" />
			<line number="229"  hits="30"  branch="false" />
			<line number="240"  hits="1"  branch="false" />
			<line number="242"  hits="16"  branch="true"  condition-coverage="75% (3/4)" />
			<line number="243"  hits="0"  branch="false" />
			<line number="246"  hits="16"  branch="false" />
			<line number="253"  hits="16"  branch="false" />
			<line number="264"  hits="1"  branch="false" />
			<line number="266"  hits="4"  branch="false" />
			<line number="272"  hits="4"  branch="false" />
			<line number="277"  hits="1"  branch="false" />
		</lines>
		</class>
		<class name="utils.js"  filename="src/utils.js"  line-rate="1"  branch-rate="1" >
		<methods>
			<method name="(anonymous_1)"  hits="1"  signature="()V" >
				<lines><line number="7"  hits="1" /></lines>
			</method>
			<method name="(anonymous_2)"  hits="1296"  signature="()V" >
				<lines><line number="13"  hits="1296" /></lines>
			</method>
			<method name="(anonymous_3)"  hits="349"  signature="()V" >
				<lines><line number="18"  hits="349" /></lines>
			</method>
			<method name="(anonymous_4)"  hits="271"  signature="()V" >
				<lines><line number="23"  hits="271" /></lines>
			</method>
			<method name="(anonymous_5)"  hits="443"  signature="()V" >
				<lines><line number="29"  hits="443" /></lines>
			</method>
			<method name="(anonymous_6)"  hits="427"  signature="()V" >
				<lines><line number="37"  hits="427" /></lines>
			</method>
			<method name="(anonymous_7)"  hits="19"  signature="()V" >
				<lines><line number="63"  hits="19" /></lines>
			</method>
			<method name="(anonymous_8)"  hits="267"  signature="()V" >
				<lines><line number="77"  hits="267" /></lines>
			</method>
		</methods>
		<lines>
			<line number="7"  hits="1"  branch="false" />
			<line number="10"  hits="1"  branch="false" />
			<line number="14"  hits="1296"  branch="false" />
			<line number="19"  hits="349"  branch="false" />
			<line number="24"  hits="271"  branch="false" />
			<line number="30"  hits="443"  branch="true"  condition-coverage="100% (2/2)" />
			<line number="38"  hits="427"  branch="false" />
			<line number="41"  hits="427"  branch="true"  condition-coverage="100% (2/2)" />
			<line number="42"  hits="100"  branch="false" />
			<line number="45"  hits="327"  branch="false" />
			<line number="46"  hits="327"  branch="false" />
			<line number="47"  hits="989"  branch="false" />
			<line number="52"  hits="427"  branch="false" />
			<line number="53"  hits="1230"  branch="true"  condition-coverage="100% (2/2)" />
			<line number="54"  hits="1199"  branch="false" />
			<line number="58"  hits="427"  branch="false" />
			<line number="64"  hits="19"  branch="false" />
			<line number="66"  hits="19"  branch="false" />
			<line number="67"  hits="43"  branch="true"  condition-coverage="100% (4/4)" />
			<line number="68"  hits="32"  branch="false" />
			<line number="73"  hits="19"  branch="false" />
			<line number="78"  hits="267"  branch="true"  condition-coverage="100% (2/2)" />
			<line number="80"  hits="267"  branch="true"  condition-coverage="100% (2/2)" />
			<line number="81"  hits="19"  branch="true"  condition-coverage="100% (2/2)" />
			<line number="84"  hits="267"  branch="false" />
		</lines>
		</class>
	</classes>
	</package>
	<package name="src.ajax"  line-rate="0.9457"  branch-rate="0.8676" >
	<classes>
		<class name="cors.js"  filename="src/ajax/cors.js"  line-rate="0.9148999999999999"  branch-rate="0.9167000000000001" >
		<methods>
			<method name="(anonymous_1)"  hits="1"  signature="()V" >
				<lines><line number="6"  hits="1" /></lines>
			</method>
			<method name="_buildResponse"  hits="83"  signature="()V" >
				<lines><line number="9"  hits="83" /></lines>
			</method>
			<method name="_buildError"  hits="13"  signature="()V" >
				<lines><line number="24"  hits="13" /></lines>
			</method>
			<method name="_createXhr"  hits="261"  signature="()V" >
				<lines><line number="39"  hits="261" /></lines>
			</method>
			<method name="cors"  hits="261"  signature="()V" >
				<lines><line number="64"  hits="261" /></lines>
			</method>
			<method name="(anonymous_6)"  hits="255"  signature="()V" >
				<lines><line number="100"  hits="255" /></lines>
			</method>
			<method name="handler"  hits="332"  signature="()V" >
				<lines><line number="103"  hits="332" /></lines>
			</method>
		</methods>
		<lines>
			<line number="1"  hits="1"  branch="false" />
			<line number="9"  hits="1"  branch="false" />
			<line number="10"  hits="83"  branch="true"  condition-coverage="100% (2/2)" />
			<line number="13"  hits="83"  branch="true"  condition-coverage="100% (2/2)" />
			<line number="14"  hits="7"  branch="false" />
			<line number="21"  hits="83"  branch="false" />
			<line number="24"  hits="1"  branch="false" />
			<line number="25"  hits="13"  branch="false" />
			<line number="33"  hits="13"  branch="true"  condition-coverage="50% (1/2)" />
			<line number="35"  hits="13"  branch="false" />
			<line number="39"  hits="1"  branch="false" />
			<line number="40"  hits="261"  branch="false" />
			<line number="41"  hits="261"  branch="true"  condition-coverage="50% (1/2)" />
			<line number="45"  hits="261"  branch="false" />
			<line number="52"  hits="0"  branch="false" />
			<line number="54"  hits="261"  branch="false" />
			<line number="64"  hits="1"  branch="false" />
			<line number="65"  hits="261"  branch="true"  condition-coverage="100% (2/2)" />
			<line number="67"  hits="261"  branch="true"  condition-coverage="100% (2/2)" />
			<line number="72"  hits="261"  branch="true"  condition-coverage="50% (1/2)" />
			<line number="75"  hits="261"  branch="true"  condition-coverage="100% (2/2)" />
			<line number="78"  hits="261"  branch="false" />
			<line number="79"  hits="261"  branch="true"  condition-coverage="100% (2/2)" />
			<line number="83"  hits="261"  branch="true"  condition-coverage="100% (2/2)" />
			<line number="86"  hits="6"  branch="false" />
			<line number="88"  hits="6"  branch="false" />
			<line number="90"  hits="6"  branch="true"  condition-coverage="100% (4/4)" />
			<line number="91"  hits="4"  branch="false" />
			<line number="93"  hits="2"  branch="false" />
			<line number="94"  hits="2"  branch="false" />
			<line number="100"  hits="255"  branch="false" />
			<line number="103"  hits="1"  branch="false" />
			<line number="104"  hits="332"  branch="true"  condition-coverage="100% (2/2)" />
			<line number="105"  hits="77"  branch="false" />
			<line number="108"  hits="77"  branch="true"  condition-coverage="100% (4/4)" />
			<line number="109"  hits="66"  branch="true"  condition-coverage="100% (2/2)" />
			<line number="110"  hits="66"  branch="false" />
			<line number="113"  hits="11"  branch="false" />
			<line number="114"  hits="11"  branch="false" />
			<line number="116"  hits="11"  branch="true"  condition-coverage="100% (2/2)" />
			<line number="117"  hits="11"  branch="false" />
			<line number="123"  hits="255"  branch="false" />
			<line number="124"  hits="255"  branch="false" />
			<line number="129"  hits="0"  branch="false" />
			<line number="130"  hits="0"  branch="false" />
			<line number="131"  hits="0"  branch="false" />
			<line number="135"  hits="1"  branch="false" />
		</lines>
		</class>
		<class name="jsonp.js"  filename="src/ajax/jsonp.js"  line-rate="0.9778"  branch-rate="0.8125" >
		<methods>
			<method name="(anonymous_1)"  hits="1"  signature="()V" >
				<lines><line number="6"  hits="1" /></lines>
			</method>
			<method name="_buildError"  hits="1"  signature="()V" >
				<lines><line number="12"  hits="1" /></lines>
			</method>
			<method name="_load"  hits="6"  signature="()V" >
				<lines><line number="26"  hits="6" /></lines>
			</method>
			<method name="(anonymous_4)"  hits="2"  signature="()V" >
				<lines><line number="33"  hits="2" /></lines>
			</method>
			<method name="jsonp"  hits="6"  signature="()V" >
				<lines><line number="52"  hits="6" /></lines>
			</method>
			<method name="(anonymous_6)"  hits="6"  signature="()V" >
				<lines><line number="75"  hits="6" /></lines>
			</method>
			<method name="(anonymous_7)"  hits="2"  signature="()V" >
				<lines><line number="78"  hits="2" /></lines>
			</method>
		</methods>
		<lines>
			<line number="1"  hits="1"  branch="false" />
			<line number="10"  hits="1"  branch="false" />
			<line number="12"  hits="1"  branch="false" />
			<line number="13"  hits="1"  branch="false" />
			<line number="21"  hits="1"  branch="true"  condition-coverage="50% (1/2)" />
			<line number="23"  hits="1"  branch="false" />
			<line number="26"  hits="1"  branch="false" />
			<line number="27"  hits="6"  branch="false" />
			<line number="29"  hits="6"  branch="false" />
			<line number="30"  hits="6"  branch="false" />
			<line number="33"  hits="6"  branch="false" />
			<line number="34"  hits="2"  branch="true"  condition-coverage="66.66666666666666% (4/6)" />
			<line number="35"  hits="2"  branch="false" />
			<line number="36"  hits="2"  branch="false" />
			<line number="37"  hits="2"  branch="true"  condition-coverage="75% (3/4)" />
			<line number="38"  hits="0"  branch="false" />
			<line number="43"  hits="6"  branch="true"  condition-coverage="100% (2/2)" />
			<line number="44"  hits="1"  branch="false" />
			<line number="48"  hits="6"  branch="false" />
			<line number="52"  hits="1"  branch="false" />
			<line number="55"  hits="6"  branch="true"  condition-coverage="100% (2/2)" />
			<line number="57"  hits="6"  branch="true"  condition-coverage="100% (2/2)" />
			<line number="58"  hits="5"  branch="false" />
			<line number="61"  hits="6"  branch="false" />
			<line number="64"  hits="6"  branch="true"  condition-coverage="100% (2/2)" />
			<line number="65"  hits="6"  branch="false" />
			<line number="66"  hits="6"  branch="false" />
			<line number="67"  hits="6"  branch="true"  condition-coverage="100% (2/2)" />
			<line number="68"  hits="6"  branch="false" />
			<line number="69"  hits="6"  branch="false" />
			<line number="71"  hits="6"  branch="true"  condition-coverage="100% (2/2)" />
			<line number="75"  hits="6"  branch="false" />
			<line number="78"  hits="6"  branch="false" />
			<line number="79"  hits="2"  branch="true"  condition-coverage="100% (4/4)" />
			<line number="81"  hits="1"  branch="false" />
			<line number="82"  hits="1"  branch="false" />
			<line number="84"  hits="1"  branch="true"  condition-coverage="50% (1/2)" />
			<line number="85"  hits="1"  branch="false" />
			<line number="89"  hits="1"  branch="true"  condition-coverage="50% (1/2)" />
			<line number="90"  hits="1"  branch="false" />
			<line number="95"  hits="2"  branch="false" />
			<line number="96"  hits="2"  branch="false" />
			<line number="98"  hits="2"  branch="false" />
			<line number="101"  hits="6"  branch="false" />
			<line number="105"  hits="1"  branch="false" />
		</lines>
		</class>
	</classes>
	</package>
	<package name="src.entity"  line-rate="1"  branch-rate="0.9444" >
	<classes>
		<class name="action.js"  filename="src/entity/action.js"  line-rate="1"  branch-rate="0.75" >
		<methods>
			<method name="(anonymous_1)"  hits="1"  signature="()V" >
				<lines><line number="6"  hits="1" /></lines>
			</method>
			<method name="(anonymous_2)"  hits="3"  signature="()V" >
				<lines><line number="9"  hits="3" /></lines>
			</method>
			<method name="_normalizeArguments"  hits="1"  signature="()V" >
				<lines><line number="20"  hits="1" /></lines>
			</method>
			<method name="(anonymous_4)"  hits="7"  signature="()V" >
				<lines><line number="41"  hits="7" /></lines>
			</method>
			<method name="(anonymous_5)"  hits="1"  signature="()V" >
				<lines><line number="57"  hits="1" /></lines>
			</method>
		</methods>
		<lines>
			<line number="1"  hits="1"  branch="false" />
			<line number="9"  hits="1"  branch="false" />
			<line number="12"  hits="3"  branch="false" />
			<line number="16"  hits="1"  branch="false" />
			<line number="17"  hits="1"  branch="false" />
			<line number="20"  hits="1"  branch="false" />
			<line number="21"  hits="1"  branch="false" />
			<line number="23"  hits="1"  branch="true"  condition-coverage="50% (2/4)" />
			<line number="24"  hits="1"  branch="false" />
			<line number="27"  hits="1"  branch="false" />
			<line number="28"  hits="1"  branch="false" />
			<line number="33"  hits="1"  branch="false" />
			<line number="38"  hits="1"  branch="false" />
			<line number="40"  hits="1"  branch="false" />
			<line number="42"  hits="7"  branch="false" />
			<line number="44"  hits="7"  branch="true"  condition-coverage="100% (2/2)" />
			<line number="45"  hits="6"  branch="true"  condition-coverage="100% (2/2)" />
			<line number="46"  hits="5"  branch="false" />
			<line number="48"  hits="1"  branch="false" />
			<line number="51"  hits="1"  branch="false" />
			<line number="54"  hits="5"  branch="false" />
			<line number="57"  hits="4"  branch="false" />
			<line number="58"  hits="1"  branch="false" />
			<line number="59"  hits="1"  branch="false" />
			<line number="62"  hits="4"  branch="false" />
		</lines>
		</class>
		<class name="appUser.js"  filename="src/entity/appUser.js"  line-rate="1"  branch-rate="1" >
		<methods>
			<method name="(anonymous_1)"  hits="1"  signature="()V" >
				<lines><line number="7"  hits="1" /></lines>
			</method>
			<method name="(anonymous_2)"  hits="4"  signature="()V" >
				<lines><line number="11"  hits="4" /></lines>
			</method>
			<method name="validate"  hits="3"  signature="()V" >
				<lines><line number="28"  hits="3" /></lines>
			</method>
			<method name="(anonymous_4)"  hits="1"  signature="()V" >
				<lines><line number="49"  hits="1" /></lines>
			</method>
			<method name="(anonymous_5)"  hits="3"  signature="()V" >
				<lines><line number="60"  hits="3" /></lines>
			</method>
			<method name="(anonymous_6)"  hits="9"  signature="()V" >
				<lines><line number="63"  hits="9" /></lines>
			</method>
			<method name="(anonymous_7)"  hits="2"  signature="()V" >
				<lines><line number="67"  hits="2" /></lines>
			</method>
		</methods>
		<lines>
			<line number="1"  hits="1"  branch="false" />
			<line number="11"  hits="1"  branch="false" />
			<line number="14"  hits="4"  branch="true"  condition-coverage="100% (2/2)" />
			<line number="15"  hits="2"  branch="false" />
			<line number="16"  hits="2"  branch="false" />
			<line number="20"  hits="4"  branch="false" />
			<line number="25"  hits="1"  branch="false" />
			<line number="26"  hits="1"  branch="false" />
			<line number="28"  hits="1"  branch="false" />
			<line number="29"  hits="3"  branch="true"  condition-coverage="100% (4/4)" />
			<line number="30"  hits="1"  branch="false" />
			<line number="33"  hits="2"  branch="false" />
			<line number="46"  hits="1"  branch="false" />
			<line number="50"  hits="1"  branch="false" />
			<line number="57"  hits="1"  branch="false" />
			<line number="59"  hits="1"  branch="false" />
			<line number="61"  hits="3"  branch="true"  condition-coverage="100% (2/2)" />
			<line number="63"  hits="3"  branch="false" />
			<line number="64"  hits="9"  branch="false" />
			<line number="67"  hits="8"  branch="false" />
			<line number="68"  hits="2"  branch="false" />
			<line number="71"  hits="8"  branch="false" />
		</lines>
		</class>
		<class name="collection.js"  filename="src/entity/collection.js"  line-rate="1"  branch-rate="1" >
		<methods>
			<method name="(anonymous_1)"  hits="1"  signature="()V" >
				<lines><line number="7"  hits="1" /></lines>
			</method>
			<method name="(anonymous_2)"  hits="9"  signature="()V" >
				<lines><line number="11"  hits="9" /></lines>
			</method>
			<method name="collectionThng"  hits="4"  signature="()V" >
				<lines><line number="22"  hits="4" /></lines>
			</method>
		</methods>
		<lines>
			<line number="1"  hits="1"  branch="false" />
			<line number="11"  hits="1"  branch="false" />
			<line number="14"  hits="9"  branch="false" />
			<line number="19"  hits="1"  branch="false" />
			<line number="20"  hits="1"  branch="false" />
			<line number="22"  hits="1"  branch="false" />
			<line number="23"  hits="4"  branch="true"  condition-coverage="100% (2/2)" />
			<line number="24"  hits="1"  branch="false" />
			<line number="27"  hits="3"  branch="false" />
			<line number="29"  hits="3"  branch="true"  condition-coverage="100% (2/2)" />
			<line number="30"  hits="2"  branch="true"  condition-coverage="100% (2/2)" />
			<line number="31"  hits="1"  branch="false" />
			<line number="33"  hits="1"  branch="false" />
			<line number="37"  hits="2"  branch="false" />
			<line number="43"  hits="1"  branch="false" />
			<line number="51"  hits="1"  branch="false" />
			<line number="53"  hits="1"  branch="false" />
		</lines>
		</class>
		<class name="entity.js"  filename="src/entity/entity.js"  line-rate="1"  branch-rate="0.9688" >
		<methods>
			<method name="(anonymous_1)"  hits="1"  signature="()V" >
				<lines><line number="4"  hits="1" /></lines>
			</method>
			<method name="(anonymous_2)"  hits="78"  signature="()V" >
				<lines><line number="12"  hits="78" /></lines>
			</method>
			<method name="(anonymous_3)"  hits="9"  signature="()V" >
				<lines><line number="40"  hits="9" /></lines>
			</method>
			<method name="(anonymous_4)"  hits="7"  signature="()V" >
				<lines><line number="52"  hits="7" /></lines>
			</method>
			<method name="(anonymous_5)"  hits="4"  signature="()V" >
				<lines><line number="64"  hits="4" /></lines>
			</method>
			<method name="(anonymous_6)"  hits="2"  signature="()V" >
				<lines><line number="74"  hits="2" /></lines>
			</method>
			<method name="(anonymous_7)"  hits="17"  signature="()V" >
				<lines><line number="82"  hits="17" /></lines>
			</method>
			<method name="(anonymous_8)"  hits="36"  signature="()V" >
				<lines><line number="83"  hits="36" /></lines>
			</method>
		</methods>
		<lines>
			<line number="1"  hits="1"  branch="false" />
			<line number="12"  hits="1"  branch="false" />
			<line number="15"  hits="78"  branch="true"  condition-coverage="100% (4/4)" />
			<line number="17"  hits="13"  branch="false" />
			<line number="21"  hits="65"  branch="false" />
			<line number="23"  hits="65"  branch="true"  condition-coverage="100% (2/2)" />
			<line number="24"  hits="60"  branch="false" />
			<line number="26"  hits="60"  branch="true"  condition-coverage="100% (4/4)" />
			<line number="28"  hits="37"  branch="false" />
			<line number="29"  hits="37"  branch="true"  condition-coverage="100% (2/2)" />
			<line number="30"  hits="19"  branch="false" />
			<line number="40"  hits="1"  branch="false" />
			<line number="41"  hits="9"  branch="false" />
			<line number="43"  hits="9"  branch="false" />
			<line number="44"  hits="65"  branch="true"  condition-coverage="100% (5/5)" />
			<line number="45"  hits="18"  branch="false" />
			<line number="49"  hits="9"  branch="false" />
			<line number="52"  hits="1"  branch="false" />
			<line number="53"  hits="7"  branch="true"  condition-coverage="100% (2/2)" />
			<line number="54"  hits="6"  branch="false" />
			<line number="57"  hits="6"  branch="true"  condition-coverage="100% (5/5)" />
			<line number="59"  hits="5"  branch="false" />
			<line number="60"  hits="5"  branch="false" />
			<line number="63"  hits="6"  branch="false" />
			<line number="65"  hits="4"  branch="false" />
			<line number="66"  hits="4"  branch="false" />
			<line number="70"  hits="1"  branch="false" />
			<line number="74"  hits="1"  branch="false" />
			<line number="75"  hits="2"  branch="true"  condition-coverage="100% (2/2)" />
			<line number="76"  hits="1"  branch="false" />
			<line number="78"  hits="1"  branch="false" />
			<line number="82"  hits="1"  branch="false" />
			<line number="83"  hits="17"  branch="false" />
			<line number="84"  hits="36"  branch="true"  condition-coverage="50% (1/2)" />
			<line number="86"  hits="36"  branch="true"  condition-coverage="100% (2/2)" />
			<line number="87"  hits="24"  branch="true"  condition-coverage="100% (2/2)" />
			<line number="88"  hits="19"  branch="false" />
			<line number="90"  hits="5"  branch="false" />
			<line number="94"  hits="31"  branch="false" />
			<line number="98"  hits="1"  branch="false" />
		</lines>
		</class>
		<class name="product.js"  filename="src/entity/product.js"  line-rate="1"  branch-rate="1" >
		<methods>
			<method name="(anonymous_1)"  hits="1"  signature="()V" >
				<lines><line number="7"  hits="1" /></lines>
			</method>
			<method name="(anonymous_2)"  hits="32"  signature="()V" >
				<lines><line number="11"  hits="32" /></lines>
			</method>
		</methods>
		<lines>
			<line number="1"  hits="1"  branch="false" />
			<line number="11"  hits="1"  branch="false" />
			<line number="14"  hits="32"  branch="false" />
			<line number="19"  hits="1"  branch="false" />
			<line number="20"  hits="1"  branch="false" />
			<line number="26"  hits="1"  branch="false" />
			<line number="35"  hits="1"  branch="false" />
			<line number="37"  hits="1"  branch="false" />
		</lines>
		</class>
		<class name="property.js"  filename="src/entity/property.js"  line-rate="1"  branch-rate="0.9167000000000001" >
		<methods>
			<method name="(anonymous_1)"  hits="1"  signature="()V" >
				<lines><line number="6"  hits="1" /></lines>
			</method>
			<method name="(anonymous_2)"  hits="6"  signature="()V" >
				<lines><line number="9"  hits="6" /></lines>
			</method>
			<method name="_normalizeArguments"  hits="4"  signature="()V" >
				<lines><line number="19"  hits="4" /></lines>
			</method>
			<method name="resourceConstructor"  hits="11"  signature="()V" >
				<lines><line number="48"  hits="11" /></lines>
			</method>
			<method name="(anonymous_5)"  hits="4"  signature="()V" >
				<lines><line number="67"  hits="4" /></lines>
			</method>
		</methods>
		<lines>
			<line number="1"  hits="1"  branch="false" />
			<line number="9"  hits="1"  branch="false" />
			<line number="12"  hits="6"  branch="false" />
			<line number="16"  hits="1"  branch="false" />
			<line number="17"  hits="1"  branch="false" />
			<line number="19"  hits="1"  branch="false" />
			<line number="20"  hits="4"  branch="false" />
			<line number="22"  hits="4"  branch="true"  condition-coverage="100% (2/2)" />
			<line number="23"  hits="2"  branch="false" />
			<line number="26"  hits="2"  branch="true"  condition-coverage="50% (1/2)" />
			<line number="28"  hits="2"  branch="true"  condition-coverage="100% (2/2)" />
			<line number="29"  hits="1"  branch="false" />
			<line number="33"  hits="1"  branch="false" />
			<line number="34"  hits="1"  branch="false" />
			<line number="35"  hits="2"  branch="false" />
			<line number="43"  hits="4"  branch="false" />
			<line number="48"  hits="1"  branch="false" />
			<line number="49"  hits="11"  branch="true"  condition-coverage="100% (2/2)" />
			<line number="50"  hits="1"  branch="false" />
			<line number="53"  hits="10"  branch="false" />
			<line number="56"  hits="10"  branch="true"  condition-coverage="100% (2/2)" />
			<line number="57"  hits="6"  branch="true"  condition-coverage="100% (2/2)" />
			<line number="58"  hits="5"  branch="false" />
			<line number="60"  hits="1"  branch="false" />
			<line number="64"  hits="9"  branch="false" />
			<line number="67"  hits="9"  branch="false" />
			<line number="68"  hits="4"  branch="false" />
			<line number="71"  hits="9"  branch="false" />
			<line number="75"  hits="1"  branch="false" />
			<line number="77"  hits="1"  branch="false" />
		</lines>
		</class>
		<class name="thng.js"  filename="src/entity/thng.js"  line-rate="1"  branch-rate="1" >
		<methods>
			<method name="(anonymous_1)"  hits="1"  signature="()V" >
				<lines><line number="8"  hits="1" /></lines>
			</method>
			<method name="(anonymous_2)"  hits="11"  signature="()V" >
				<lines><line number="12"  hits="11" /></lines>
			</method>
			<method name="readProduct"  hits="3"  signature="()V" >
				<lines><line number="24"  hits="3" /></lines>
			</method>
			<method name="(anonymous_4)"  hits="1"  signature="()V" >
				<lines><line number="53"  hits="1" /></lines>
			</method>
		</methods>
		<lines>
			<line number="1"  hits="1"  branch="false" />
			<line number="12"  hits="1"  branch="false" />
			<line number="15"  hits="11"  branch="false" />
			<line number="20"  hits="1"  branch="false" />
			<line number="21"  hits="1"  branch="false" />
			<line number="24"  hits="1"  branch="false" />
			<line number="25"  hits="3"  branch="true"  condition-coverage="100% (2/2)" />
			<line number="26"  hits="1"  branch="false" />
			<line number="29"  hits="2"  branch="true"  condition-coverage="100% (2/2)" />
			<line number="30"  hits="1"  branch="false" />
			<line number="33"  hits="1"  branch="false" />
			<line number="39"  hits="1"  branch="false" />
			<line number="50"  hits="1"  branch="false" />
			<line number="52"  hits="1"  branch="false" />
			<line number="54"  hits="1"  branch="true"  condition-coverage="100% (2/2)" />
			<line number="55"  hits="1"  branch="false" />
		</lines>
		</class>
	</classes>
	</package>
	<package name="src.scope"  line-rate="1"  branch-rate="1" >
	<classes>
		<class name="application.js"  filename="src/scope/application.js"  line-rate="1"  branch-rate="1" >
		<methods>
			<method name="(anonymous_1)"  hits="1"  signature="()V" >
				<lines><line number="26"  hits="1" /></lines>
			</method>
			<method name="(anonymous_2)"  hits="147"  signature="()V" >
				<lines><line number="37"  hits="147" /></lines>
			</method>
			<method name="(anonymous_3)"  hits="5"  signature="()V" >
				<lines><line number="54"  hits="5" /></lines>
			</method>
			<method name="(anonymous_4)"  hits="1"  signature="()V" >
				<lines><line number="63"  hits="1" /></lines>
			</method>
			<method name="(anonymous_5)"  hits="6"  signature="()V" >
				<lines><line number="66"  hits="6" /></lines>
			</method>
			<method name="(anonymous_6)"  hits="4"  signature="()V" >
				<lines><line number="89"  hits="4" /></lines>
			</method>
			<method name="(anonymous_7)"  hits="4"  signature="()V" >
				<lines><line number="100"  hits="4" /></lines>
			</method>
		</methods>
		<lines>
			<line number="14"  hits="1"  branch="false" />
			<line number="37"  hits="1"  branch="false" />
			<line number="39"  hits="147"  branch="false" />
			<line number="42"  hits="147"  branch="true"  condition-coverage="100% (2/2)" />
			<line number="43"  hits="5"  branch="false" />
			<line number="45"  hits="142"  branch="false" />
			<line number="51"  hits="147"  branch="false" />
			<line number="60"  hits="5"  branch="false" />
			<line number="61"  hits="5"  branch="false" />
			<line number="64"  hits="1"  branch="false" />
			<line number="85"  hits="6"  branch="true"  condition-coverage="100% (2/2)" />
			<line number="88"  hits="4"  branch="false" />
			<line number="91"  hits="4"  branch="true"  condition-coverage="100% (2/2)" />
			<line number="94"  hits="1"  branch="false" />
			<line number="97"  hits="3"  branch="false" />
			<line number="103"  hits="4"  branch="false" />
			<line number="110"  hits="2"  branch="false" />
			<line number="117"  hits="1"  branch="false" />
			<line number="118"  hits="1"  branch="false" />
			<line number="129"  hits="1"  branch="false" />
			<line number="145"  hits="1"  branch="false" />
			<line number="147"  hits="1"  branch="false" />
		</lines>
		</class>
		<class name="scope.js"  filename="src/scope/scope.js"  line-rate="1"  branch-rate="1" >
		<methods>
			<method name="(anonymous_1)"  hits="1"  signature="()V" >
				<lines><line number="13"  hits="1" /></lines>
			</method>
			<method name="(anonymous_2)"  hits="172"  signature="()V" >
				<lines><line number="19"  hits="172" /></lines>
			</method>
		</methods>
		<lines>
			<line number="11"  hits="1"  branch="false" />
			<line number="19"  hits="1"  branch="false" />
			<line number="22"  hits="172"  branch="false" />
			<line number="25"  hits="172"  branch="true"  condition-coverage="100% (2/2)" />
			<line number="26"  hits="169"  branch="false" />
			<line number="28"  hits="3"  branch="false" />
			<line number="33"  hits="1"  branch="false" />
		</lines>
		</class>
		<class name="user.js"  filename="src/scope/user.js"  line-rate="1"  branch-rate="1" >
		<methods>
			<method name="(anonymous_1)"  hits="1"  signature="()V" >
				<lines><line number="27"  hits="1" /></lines>
			</method>
			<method name="(anonymous_2)"  hits="21"  signature="()V" >
				<lines><line number="38"  hits="21" /></lines>
			</method>
			<method name="search"  hits="4"  signature="()V" >
				<lines><line number="94"  hits="4" /></lines>
			</method>
			<method name="update"  hits="2"  signature="()V" >
				<lines><line number="121"  hits="2" /></lines>
			</method>
			<method name="(anonymous_5)"  hits="2"  signature="()V" >
				<lines><line number="125"  hits="2" /></lines>
			</method>
		</methods>
		<lines>
			<line number="17"  hits="1"  branch="false" />
			<line number="38"  hits="1"  branch="false" />
			<line number="41"  hits="21"  branch="true"  condition-coverage="100% (2/2)" />
			<line number="42"  hits="19"  branch="false" />
			<line number="45"  hits="19"  branch="false" />
			<line number="48"  hits="2"  branch="false" />
			<line number="52"  hits="20"  branch="true"  condition-coverage="100% (2/2)" />
			<line number="53"  hits="13"  branch="false" />
			<line number="59"  hits="1"  branch="false" />
			<line number="60"  hits="1"  branch="false" />
			<line number="94"  hits="1"  branch="false" />
			<line number="95"  hits="4"  branch="false" />
			<line number="98"  hits="4"  branch="true"  condition-coverage="100% (2/2)" />
			<line number="99"  hits="2"  branch="false" />
			<line number="100"  hits="2"  branch="false" />
			<line number="103"  hits="2"  branch="false" />
			<line number="106"  hits="2"  branch="true"  condition-coverage="100% (2/2)" />
			<line number="107"  hits="1"  branch="false" />
			<line number="111"  hits="4"  branch="false" />
			<line number="121"  hits="1"  branch="false" />
			<line number="122"  hits="2"  branch="false" />
			<line number="125"  hits="2"  branch="false" />
			<line number="126"  hits="2"  branch="false" />
			<line number="127"  hits="2"  branch="false" />
			<line number="137"  hits="1"  branch="false" />
			<line number="159"  hits="1"  branch="false" />
			<line number="161"  hits="1"  branch="false" />
		</lines>
		</class>
	</classes>
	</package>
	<package name="src.social"  line-rate="1"  branch-rate="1" >
	<classes>
		<class name="facebook.js"  filename="src/social/facebook.js"  line-rate="1"  branch-rate="1" >
		<methods>
			<method name="(anonymous_1)"  hits="1"  signature="()V" >
				<lines><line number="9"  hits="1" /></lines>
			</method>
			<method name="init"  hits="4"  signature="()V" >
				<lines><line number="19"  hits="4" /></lines>
			</method>
			<method name="(anonymous_3)"  hits="4"  signature="()V" >
				<lines><line number="22"  hits="4" /></lines>
			</method>
			<method name="(anonymous_4)"  hits="4"  signature="()V" >
				<lines><line number="27"  hits="4" /></lines>
			</method>
			<method name="(anonymous_5)"  hits="4"  signature="()V" >
				<lines><line number="36"  hits="4" /></lines>
			</method>
			<method name="(anonymous_6)"  hits="4"  signature="()V" >
				<lines><line number="39"  hits="4" /></lines>
			</method>
			<method name="(anonymous_7)"  hits="4"  signature="()V" >
				<lines><line number="51"  hits="4" /></lines>
			</method>
			<method name="login"  hits="5"  signature="()V" >
				<lines><line number="63"  hits="5" /></lines>
			</method>
			<method name="(anonymous_9)"  hits="5"  signature="()V" >
				<lines><line number="66"  hits="5" /></lines>
			</method>
			<method name="(anonymous_10)"  hits="3"  signature="()V" >
				<lines><line number="68"  hits="3" /></lines>
			</method>
			<method name="(anonymous_11)"  hits="3"  signature="()V" >
				<lines><line number="71"  hits="3" /></lines>
			</method>
			<method name="logout"  hits="3"  signature="()V" >
				<lines><line number="93"  hits="3" /></lines>
			</method>
			<method name="(anonymous_13)"  hits="3"  signature="()V" >
				<lines><line number="95"  hits="3" /></lines>
			</method>
			<method name="_getUser"  hits="7"  signature="()V" >
				<lines><line number="101"  hits="7" /></lines>
			</method>
			<method name="(anonymous_15)"  hits="3"  signature="()V" >
				<lines><line number="106"  hits="3" /></lines>
			</method>
			<method name="(anonymous_16)"  hits="3"  signature="()V" >
				<lines><line number="111"  hits="3" /></lines>
			</method>
			<method name="(anonymous_17)"  hits="4"  signature="()V" >
				<lines><line number="120"  hits="4" /></lines>
			</method>
		</methods>
		<lines>
			<line number="6"  hits="1"  branch="false" />
			<line number="19"  hits="1"  branch="false" />
			<line number="22"  hits="4"  branch="false" />
			<line number="27"  hits="4"  branch="false" />
			<line number="29"  hits="4"  branch="false" />
			<line number="36"  hits="4"  branch="false" />
			<line number="39"  hits="4"  branch="false" />
			<line number="42"  hits="4"  branch="false" />
			<line number="51"  hits="4"  branch="false" />
			<line number="52"  hits="4"  branch="false" />
			<line number="53"  hits="4"  branch="true"  condition-coverage="100% (2/2)" />
			<line number="54"  hits="1"  branch="false" />
			<line number="55"  hits="1"  branch="false" />
			<line number="56"  hits="1"  branch="false" />
			<line number="63"  hits="1"  branch="false" />
			<line number="66"  hits="5"  branch="false" />
			<line number="68"  hits="5"  branch="false" />
			<line number="71"  hits="3"  branch="false" />
			<line number="73"  hits="3"  branch="true"  condition-coverage="100% (2/2)" />
			<line number="76"  hits="2"  branch="false" />
			<line number="81"  hits="1"  branch="false" />
			<line number="93"  hits="1"  branch="false" />
			<line number="95"  hits="3"  branch="false" />
			<line number="96"  hits="3"  branch="false" />
			<line number="101"  hits="1"  branch="false" />
			<line number="103"  hits="7"  branch="true"  condition-coverage="100% (2/2)" />
			<line number="106"  hits="3"  branch="false" />
			<line number="111"  hits="3"  branch="false" />
			<line number="112"  hits="3"  branch="false" />
			<line number="120"  hits="4"  branch="false" />
			<line number="121"  hits="4"  branch="false" />
			<line number="129"  hits="1"  branch="false" />
		</lines>
		</class>
	</classes>
	</package>
</packages>
</coverage>
